<?xml version="1.0" encoding="UTF-8"?>
<testsuites name="Mocha Tests" time="31.0980" tests="1" failures="0">
  <testsuite name="Root Suite" timestamp="2022-10-17T09:28:58" tests="0" file="cypress\e2e\Features\TC_03_Cancel.feature" time="0.0000" failures="0">
  </testsuite>
  <testsuite name="TC_02_Cancel" timestamp="2022-10-17T09:28:59" tests="1" time="31.0980" failures="0">
    <testcase name="TC_02_Cancel Canceling the bookings" time="31.0980" classname="Canceling the bookings">
    </testcase>
  </testsuite>
</testsuites>